1732222161681:help
1732222167867:run
1732222171615:start
1732222191376:exit
1732222350581:start
1732222386835:exit
1732222402671:start
1732222406543:1
1732222409635:exit
1732222462553:test
1732222469864:start-test
1732222842460:start
1732222853222:show
1732222874745:show-result
1732222890746:show-results
1732263195418:show
1732272506704:start
1732272519263:show
1732283946397:help
1732284386826:start
1732285268992:help
1732285434227:start
1732285562254:help
1732287237081:ырщц
1732287239699:show
1732287251412:start
1732287258495:show
1732287265214:start
1732288214665:show
1732289354204:start
1732289357711:1
1732289360355:show
1732289512715:help
1732289536066:start
1732289539615:1
1732289543271:help
1732289549994:show
1732289556980:show-question
